[2021-02-22 14:05:01] local.ERROR: The "-e" option does not exist. {"exception":"[object] (Symfony\\Component\\Console\\Exception\\RuntimeException(code: 0): The \"-e\" option does not exist. at /home/matheus/Documents/laravel6NaPratica/marketplace_l6/vendor/symfony/console/Input/ArgvInput.php:118)
[stacktrace]
#0 /home/matheus/Documents/laravel6NaPratica/marketplace_l6/vendor/symfony/console/Input/ArgvInput.php(100): Symfony\\Component\\Console\\Input\\ArgvInput->parseShortOptionSet()
#1 /home/matheus/Documents/laravel6NaPratica/marketplace_l6/vendor/symfony/console/Input/ArgvInput.php(81): Symfony\\Component\\Console\\Input\\ArgvInput->parseShortOption()
#2 /home/matheus/Documents/laravel6NaPratica/marketplace_l6/vendor/symfony/console/Input/Input.php(55): Symfony\\Component\\Console\\Input\\ArgvInput->parse()
#3 /home/matheus/Documents/laravel6NaPratica/marketplace_l6/vendor/symfony/console/Command/Command.php(214): Symfony\\Component\\Console\\Input\\Input->bind()
#4 /home/matheus/Documents/laravel6NaPratica/marketplace_l6/vendor/symfony/console/Application.php(1009): Symfony\\Component\\Console\\Command\\Command->run()
#5 /home/matheus/Documents/laravel6NaPratica/marketplace_l6/vendor/symfony/console/Application.php(273): Symfony\\Component\\Console\\Application->doRunCommand()
#6 /home/matheus/Documents/laravel6NaPratica/marketplace_l6/vendor/symfony/console/Application.php(149): Symfony\\Component\\Console\\Application->doRun()
#7 /home/matheus/Documents/laravel6NaPratica/marketplace_l6/vendor/laravel/framework/src/Illuminate/Console/Application.php(93): Symfony\\Component\\Console\\Application->run()
#8 /home/matheus/Documents/laravel6NaPratica/marketplace_l6/vendor/laravel/framework/src/Illuminate/Foundation/Console/Kernel.php(131): Illuminate\\Console\\Application->run()
#9 /home/matheus/Documents/laravel6NaPratica/marketplace_l6/artisan(37): Illuminate\\Foundation\\Console\\Kernel->handle()
#10 {main}
"} 
[2021-02-22 14:05:06] local.ERROR: The "--v" option does not exist. {"exception":"[object] (Symfony\\Component\\Console\\Exception\\RuntimeException(code: 0): The \"--v\" option does not exist. at /home/matheus/Documents/laravel6NaPratica/marketplace_l6/vendor/symfony/console/Input/ArgvInput.php:201)
[stacktrace]
#0 /home/matheus/Documents/laravel6NaPratica/marketplace_l6/vendor/symfony/console/Input/ArgvInput.php(145): Symfony\\Component\\Console\\Input\\ArgvInput->addLongOption()
#1 /home/matheus/Documents/laravel6NaPratica/marketplace_l6/vendor/symfony/console/Input/ArgvInput.php(79): Symfony\\Component\\Console\\Input\\ArgvInput->parseLongOption()
#2 /home/matheus/Documents/laravel6NaPratica/marketplace_l6/vendor/symfony/console/Input/Input.php(55): Symfony\\Component\\Console\\Input\\ArgvInput->parse()
#3 /home/matheus/Documents/laravel6NaPratica/marketplace_l6/vendor/symfony/console/Command/Command.php(214): Symfony\\Component\\Console\\Input\\Input->bind()
#4 /home/matheus/Documents/laravel6NaPratica/marketplace_l6/vendor/symfony/console/Application.php(1009): Symfony\\Component\\Console\\Command\\Command->run()
#5 /home/matheus/Documents/laravel6NaPratica/marketplace_l6/vendor/symfony/console/Application.php(273): Symfony\\Component\\Console\\Application->doRunCommand()
#6 /home/matheus/Documents/laravel6NaPratica/marketplace_l6/vendor/symfony/console/Application.php(149): Symfony\\Component\\Console\\Application->doRun()
#7 /home/matheus/Documents/laravel6NaPratica/marketplace_l6/vendor/laravel/framework/src/Illuminate/Console/Application.php(93): Symfony\\Component\\Console\\Application->run()
#8 /home/matheus/Documents/laravel6NaPratica/marketplace_l6/vendor/laravel/framework/src/Illuminate/Foundation/Console/Kernel.php(131): Illuminate\\Console\\Application->run()
#9 /home/matheus/Documents/laravel6NaPratica/marketplace_l6/artisan(37): Illuminate\\Foundation\\Console\\Kernel->handle()
#10 {main}
"} 
[2021-02-22 14:20:32] local.ERROR: Undefined variable: helloworld (View: /home/matheus/Documents/laravel6NaPratica/marketplace_l6/resources/views/welcome.blade.php) {"exception":"[object] (Facade\\Ignition\\Exceptions\\ViewException(code: 0): Undefined variable: helloworld (View: /home/matheus/Documents/laravel6NaPratica/marketplace_l6/resources/views/welcome.blade.php) at /home/matheus/Documents/laravel6NaPratica/marketplace_l6/resources/views/welcome.blade.php:87)
[stacktrace]
#0 /home/matheus/Documents/laravel6NaPratica/marketplace_l6/resources/views/welcome.blade.php(87): Illuminate\\Foundation\\Bootstrap\\HandleExceptions->handleError()
#1 /home/matheus/Documents/laravel6NaPratica/marketplace_l6/vendor/laravel/framework/src/Illuminate/View/Engines/PhpEngine.php(43): include('/home/matheus/D...')
#2 /home/matheus/Documents/laravel6NaPratica/marketplace_l6/vendor/laravel/framework/src/Illuminate/View/Engines/CompilerEngine.php(59): Illuminate\\View\\Engines\\PhpEngine->evaluatePath()
#3 /home/matheus/Documents/laravel6NaPratica/marketplace_l6/vendor/facade/ignition/src/Views/Engines/CompilerEngine.php(36): Illuminate\\View\\Engines\\CompilerEngine->get()
#4 /home/matheus/Documents/laravel6NaPratica/marketplace_l6/vendor/laravel/framework/src/Illuminate/View/View.php(143): Facade\\Ignition\\Views\\Engines\\CompilerEngine->get()
#5 /home/matheus/Documents/laravel6NaPratica/marketplace_l6/vendor/laravel/framework/src/Illuminate/View/View.php(126): Illuminate\\View\\View->getContents()
#6 /home/matheus/Documents/laravel6NaPratica/marketplace_l6/vendor/laravel/framework/src/Illuminate/View/View.php(91): Illuminate\\View\\View->renderContents()
#7 /home/matheus/Documents/laravel6NaPratica/marketplace_l6/vendor/laravel/framework/src/Illuminate/Http/Response.php(42): Illuminate\\View\\View->render()
#8 /home/matheus/Documents/laravel6NaPratica/marketplace_l6/vendor/symfony/http-foundation/Response.php(205): Illuminate\\Http\\Response->setContent()
#9 /home/matheus/Documents/laravel6NaPratica/marketplace_l6/vendor/laravel/framework/src/Illuminate/Routing/Router.php(749): Symfony\\Component\\HttpFoundation\\Response->__construct()
#10 /home/matheus/Documents/laravel6NaPratica/marketplace_l6/vendor/laravel/framework/src/Illuminate/Routing/Router.php(721): Illuminate\\Routing\\Router::toResponse()
#11 /home/matheus/Documents/laravel6NaPratica/marketplace_l6/vendor/laravel/framework/src/Illuminate/Routing/Router.php(681): Illuminate\\Routing\\Router->prepareResponse()
#12 /home/matheus/Documents/laravel6NaPratica/marketplace_l6/vendor/laravel/framework/src/Illuminate/Pipeline/Pipeline.php(130): Illuminate\\Routing\\Router->Illuminate\\Routing\\{closure}()
#13 /home/matheus/Documents/laravel6NaPratica/marketplace_l6/vendor/laravel/framework/src/Illuminate/Routing/Middleware/SubstituteBindings.php(41): Illuminate\\Pipeline\\Pipeline->Illuminate\\Pipeline\\{closure}()
#14 /home/matheus/Documents/laravel6NaPratica/marketplace_l6/vendor/laravel/framework/src/Illuminate/Pipeline/Pipeline.php(171): Illuminate\\Routing\\Middleware\\SubstituteBindings->handle()
#15 /home/matheus/Documents/laravel6NaPratica/marketplace_l6/vendor/laravel/framework/src/Illuminate/Foundation/Http/Middleware/VerifyCsrfToken.php(78): Illuminate\\Pipeline\\Pipeline->Illuminate\\Pipeline\\{closure}()
#16 /home/matheus/Documents/laravel6NaPratica/marketplace_l6/vendor/laravel/framework/src/Illuminate/Pipeline/Pipeline.php(171): Illuminate\\Foundation\\Http\\Middleware\\VerifyCsrfToken->handle()
#17 /home/matheus/Documents/laravel6NaPratica/marketplace_l6/vendor/laravel/framework/src/Illuminate/View/Middleware/ShareErrorsFromSession.php(49): Illuminate\\Pipeline\\Pipeline->Illuminate\\Pipeline\\{closure}()
#18 /home/matheus/Documents/laravel6NaPratica/marketplace_l6/vendor/laravel/framework/src/Illuminate/Pipeline/Pipeline.php(171): Illuminate\\View\\Middleware\\ShareErrorsFromSession->handle()
#19 /home/matheus/Documents/laravel6NaPratica/marketplace_l6/vendor/laravel/framework/src/Illuminate/Session/Middleware/StartSession.php(56): Illuminate\\Pipeline\\Pipeline->Illuminate\\Pipeline\\{closure}()
#20 /home/matheus/Documents/laravel6NaPratica/marketplace_l6/vendor/laravel/framework/src/Illuminate/Pipeline/Pipeline.php(171): Illuminate\\Session\\Middleware\\StartSession->handle()
#21 /home/matheus/Documents/laravel6NaPratica/marketplace_l6/vendor/laravel/framework/src/Illuminate/Cookie/Middleware/AddQueuedCookiesToResponse.php(37): Illuminate\\Pipeline\\Pipeline->Illuminate\\Pipeline\\{closure}()
#22 /home/matheus/Documents/laravel6NaPratica/marketplace_l6/vendor/laravel/framework/src/Illuminate/Pipeline/Pipeline.php(171): Illuminate\\Cookie\\Middleware\\AddQueuedCookiesToResponse->handle()
#23 /home/matheus/Documents/laravel6NaPratica/marketplace_l6/vendor/laravel/framework/src/Illuminate/Cookie/Middleware/EncryptCookies.php(67): Illuminate\\Pipeline\\Pipeline->Illuminate\\Pipeline\\{closure}()
#24 /home/matheus/Documents/laravel6NaPratica/marketplace_l6/vendor/laravel/framework/src/Illuminate/Pipeline/Pipeline.php(171): Illuminate\\Cookie\\Middleware\\EncryptCookies->handle()
#25 /home/matheus/Documents/laravel6NaPratica/marketplace_l6/vendor/laravel/framework/src/Illuminate/Pipeline/Pipeline.php(105): Illuminate\\Pipeline\\Pipeline->Illuminate\\Pipeline\\{closure}()
#26 /home/matheus/Documents/laravel6NaPratica/marketplace_l6/vendor/laravel/framework/src/Illuminate/Routing/Router.php(683): Illuminate\\Pipeline\\Pipeline->then()
#27 /home/matheus/Documents/laravel6NaPratica/marketplace_l6/vendor/laravel/framework/src/Illuminate/Routing/Router.php(658): Illuminate\\Routing\\Router->runRouteWithinStack()
#28 /home/matheus/Documents/laravel6NaPratica/marketplace_l6/vendor/laravel/framework/src/Illuminate/Routing/Router.php(624): Illuminate\\Routing\\Router->runRoute()
#29 /home/matheus/Documents/laravel6NaPratica/marketplace_l6/vendor/laravel/framework/src/Illuminate/Routing/Router.php(613): Illuminate\\Routing\\Router->dispatchToRoute()
#30 /home/matheus/Documents/laravel6NaPratica/marketplace_l6/vendor/laravel/framework/src/Illuminate/Foundation/Http/Kernel.php(170): Illuminate\\Routing\\Router->dispatch()
#31 /home/matheus/Documents/laravel6NaPratica/marketplace_l6/vendor/laravel/framework/src/Illuminate/Pipeline/Pipeline.php(130): Illuminate\\Foundation\\Http\\Kernel->Illuminate\\Foundation\\Http\\{closure}()
#32 /home/matheus/Documents/laravel6NaPratica/marketplace_l6/vendor/laravel/framework/src/Illuminate/Foundation/Http/Middleware/TransformsRequest.php(21): Illuminate\\Pipeline\\Pipeline->Illuminate\\Pipeline\\{closure}()
#33 /home/matheus/Documents/laravel6NaPratica/marketplace_l6/vendor/laravel/framework/src/Illuminate/Pipeline/Pipeline.php(171): Illuminate\\Foundation\\Http\\Middleware\\TransformsRequest->handle()
#34 /home/matheus/Documents/laravel6NaPratica/marketplace_l6/vendor/laravel/framework/src/Illuminate/Foundation/Http/Middleware/TransformsRequest.php(21): Illuminate\\Pipeline\\Pipeline->Illuminate\\Pipeline\\{closure}()
#35 /home/matheus/Documents/laravel6NaPratica/marketplace_l6/vendor/laravel/framework/src/Illuminate/Pipeline/Pipeline.php(171): Illuminate\\Foundation\\Http\\Middleware\\TransformsRequest->handle()
#36 /home/matheus/Documents/laravel6NaPratica/marketplace_l6/vendor/laravel/framework/src/Illuminate/Foundation/Http/Middleware/ValidatePostSize.php(27): Illuminate\\Pipeline\\Pipeline->Illuminate\\Pipeline\\{closure}()
#37 /home/matheus/Documents/laravel6NaPratica/marketplace_l6/vendor/laravel/framework/src/Illuminate/Pipeline/Pipeline.php(171): Illuminate\\Foundation\\Http\\Middleware\\ValidatePostSize->handle()
#38 /home/matheus/Documents/laravel6NaPratica/marketplace_l6/vendor/laravel/framework/src/Illuminate/Foundation/Http/Middleware/CheckForMaintenanceMode.php(63): Illuminate\\Pipeline\\Pipeline->Illuminate\\Pipeline\\{closure}()
#39 /home/matheus/Documents/laravel6NaPratica/marketplace_l6/vendor/laravel/framework/src/Illuminate/Pipeline/Pipeline.php(171): Illuminate\\Foundation\\Http\\Middleware\\CheckForMaintenanceMode->handle()
#40 /home/matheus/Documents/laravel6NaPratica/marketplace_l6/vendor/fideloper/proxy/src/TrustProxies.php(57): Illuminate\\Pipeline\\Pipeline->Illuminate\\Pipeline\\{closure}()
#41 /home/matheus/Documents/laravel6NaPratica/marketplace_l6/vendor/laravel/framework/src/Illuminate/Pipeline/Pipeline.php(171): Fideloper\\Proxy\\TrustProxies->handle()
#42 /home/matheus/Documents/laravel6NaPratica/marketplace_l6/vendor/laravel/framework/src/Illuminate/Pipeline/Pipeline.php(105): Illuminate\\Pipeline\\Pipeline->Illuminate\\Pipeline\\{closure}()
#43 /home/matheus/Documents/laravel6NaPratica/marketplace_l6/vendor/laravel/framework/src/Illuminate/Foundation/Http/Kernel.php(145): Illuminate\\Pipeline\\Pipeline->then()
#44 /home/matheus/Documents/laravel6NaPratica/marketplace_l6/vendor/laravel/framework/src/Illuminate/Foundation/Http/Kernel.php(110): Illuminate\\Foundation\\Http\\Kernel->sendRequestThroughRouter()
#45 /home/matheus/Documents/laravel6NaPratica/marketplace_l6/public/index.php(55): Illuminate\\Foundation\\Http\\Kernel->handle()
#46 /home/matheus/Documents/laravel6NaPratica/marketplace_l6/server.php(21): require_once('/home/matheus/D...')
#47 {main}

[previous exception] [object] (ErrorException(code: 0): Undefined variable: helloworld at /home/matheus/Documents/laravel6NaPratica/marketplace_l6/storage/framework/views/3cbdd7e9432c03d9238e20e7bdbb1d8d9b331158.php:87)
[stacktrace]
#0 /home/matheus/Documents/laravel6NaPratica/marketplace_l6/storage/framework/views/3cbdd7e9432c03d9238e20e7bdbb1d8d9b331158.php(87): Illuminate\\Foundation\\Bootstrap\\HandleExceptions->handleError()
#1 /home/matheus/Documents/laravel6NaPratica/marketplace_l6/vendor/laravel/framework/src/Illuminate/View/Engines/PhpEngine.php(43): include('/home/matheus/D...')
#2 /home/matheus/Documents/laravel6NaPratica/marketplace_l6/vendor/laravel/framework/src/Illuminate/View/Engines/CompilerEngine.php(59): Illuminate\\View\\Engines\\PhpEngine->evaluatePath()
#3 /home/matheus/Documents/laravel6NaPratica/marketplace_l6/vendor/facade/ignition/src/Views/Engines/CompilerEngine.php(36): Illuminate\\View\\Engines\\CompilerEngine->get()
#4 /home/matheus/Documents/laravel6NaPratica/marketplace_l6/vendor/laravel/framework/src/Illuminate/View/View.php(143): Facade\\Ignition\\Views\\Engines\\CompilerEngine->get()
#5 /home/matheus/Documents/laravel6NaPratica/marketplace_l6/vendor/laravel/framework/src/Illuminate/View/View.php(126): Illuminate\\View\\View->getContents()
#6 /home/matheus/Documents/laravel6NaPratica/marketplace_l6/vendor/laravel/framework/src/Illuminate/View/View.php(91): Illuminate\\View\\View->renderContents()
#7 /home/matheus/Documents/laravel6NaPratica/marketplace_l6/vendor/laravel/framework/src/Illuminate/Http/Response.php(42): Illuminate\\View\\View->render()
#8 /home/matheus/Documents/laravel6NaPratica/marketplace_l6/vendor/symfony/http-foundation/Response.php(205): Illuminate\\Http\\Response->setContent()
#9 /home/matheus/Documents/laravel6NaPratica/marketplace_l6/vendor/laravel/framework/src/Illuminate/Routing/Router.php(749): Symfony\\Component\\HttpFoundation\\Response->__construct()
#10 /home/matheus/Documents/laravel6NaPratica/marketplace_l6/vendor/laravel/framework/src/Illuminate/Routing/Router.php(721): Illuminate\\Routing\\Router::toResponse()
#11 /home/matheus/Documents/laravel6NaPratica/marketplace_l6/vendor/laravel/framework/src/Illuminate/Routing/Router.php(681): Illuminate\\Routing\\Router->prepareResponse()
#12 /home/matheus/Documents/laravel6NaPratica/marketplace_l6/vendor/laravel/framework/src/Illuminate/Pipeline/Pipeline.php(130): Illuminate\\Routing\\Router->Illuminate\\Routing\\{closure}()
#13 /home/matheus/Documents/laravel6NaPratica/marketplace_l6/vendor/laravel/framework/src/Illuminate/Routing/Middleware/SubstituteBindings.php(41): Illuminate\\Pipeline\\Pipeline->Illuminate\\Pipeline\\{closure}()
#14 /home/matheus/Documents/laravel6NaPratica/marketplace_l6/vendor/laravel/framework/src/Illuminate/Pipeline/Pipeline.php(171): Illuminate\\Routing\\Middleware\\SubstituteBindings->handle()
#15 /home/matheus/Documents/laravel6NaPratica/marketplace_l6/vendor/laravel/framework/src/Illuminate/Foundation/Http/Middleware/VerifyCsrfToken.php(78): Illuminate\\Pipeline\\Pipeline->Illuminate\\Pipeline\\{closure}()
#16 /home/matheus/Documents/laravel6NaPratica/marketplace_l6/vendor/laravel/framework/src/Illuminate/Pipeline/Pipeline.php(171): Illuminate\\Foundation\\Http\\Middleware\\VerifyCsrfToken->handle()
#17 /home/matheus/Documents/laravel6NaPratica/marketplace_l6/vendor/laravel/framework/src/Illuminate/View/Middleware/ShareErrorsFromSession.php(49): Illuminate\\Pipeline\\Pipeline->Illuminate\\Pipeline\\{closure}()
#18 /home/matheus/Documents/laravel6NaPratica/marketplace_l6/vendor/laravel/framework/src/Illuminate/Pipeline/Pipeline.php(171): Illuminate\\View\\Middleware\\ShareErrorsFromSession->handle()
#19 /home/matheus/Documents/laravel6NaPratica/marketplace_l6/vendor/laravel/framework/src/Illuminate/Session/Middleware/StartSession.php(56): Illuminate\\Pipeline\\Pipeline->Illuminate\\Pipeline\\{closure}()
#20 /home/matheus/Documents/laravel6NaPratica/marketplace_l6/vendor/laravel/framework/src/Illuminate/Pipeline/Pipeline.php(171): Illuminate\\Session\\Middleware\\StartSession->handle()
#21 /home/matheus/Documents/laravel6NaPratica/marketplace_l6/vendor/laravel/framework/src/Illuminate/Cookie/Middleware/AddQueuedCookiesToResponse.php(37): Illuminate\\Pipeline\\Pipeline->Illuminate\\Pipeline\\{closure}()
#22 /home/matheus/Documents/laravel6NaPratica/marketplace_l6/vendor/laravel/framework/src/Illuminate/Pipeline/Pipeline.php(171): Illuminate\\Cookie\\Middleware\\AddQueuedCookiesToResponse->handle()
#23 /home/matheus/Documents/laravel6NaPratica/marketplace_l6/vendor/laravel/framework/src/Illuminate/Cookie/Middleware/EncryptCookies.php(67): Illuminate\\Pipeline\\Pipeline->Illuminate\\Pipeline\\{closure}()
#24 /home/matheus/Documents/laravel6NaPratica/marketplace_l6/vendor/laravel/framework/src/Illuminate/Pipeline/Pipeline.php(171): Illuminate\\Cookie\\Middleware\\EncryptCookies->handle()
#25 /home/matheus/Documents/laravel6NaPratica/marketplace_l6/vendor/laravel/framework/src/Illuminate/Pipeline/Pipeline.php(105): Illuminate\\Pipeline\\Pipeline->Illuminate\\Pipeline\\{closure}()
#26 /home/matheus/Documents/laravel6NaPratica/marketplace_l6/vendor/laravel/framework/src/Illuminate/Routing/Router.php(683): Illuminate\\Pipeline\\Pipeline->then()
#27 /home/matheus/Documents/laravel6NaPratica/marketplace_l6/vendor/laravel/framework/src/Illuminate/Routing/Router.php(658): Illuminate\\Routing\\Router->runRouteWithinStack()
#28 /home/matheus/Documents/laravel6NaPratica/marketplace_l6/vendor/laravel/framework/src/Illuminate/Routing/Router.php(624): Illuminate\\Routing\\Router->runRoute()
#29 /home/matheus/Documents/laravel6NaPratica/marketplace_l6/vendor/laravel/framework/src/Illuminate/Routing/Router.php(613): Illuminate\\Routing\\Router->dispatchToRoute()
#30 /home/matheus/Documents/laravel6NaPratica/marketplace_l6/vendor/laravel/framework/src/Illuminate/Foundation/Http/Kernel.php(170): Illuminate\\Routing\\Router->dispatch()
#31 /home/matheus/Documents/laravel6NaPratica/marketplace_l6/vendor/laravel/framework/src/Illuminate/Pipeline/Pipeline.php(130): Illuminate\\Foundation\\Http\\Kernel->Illuminate\\Foundation\\Http\\{closure}()
#32 /home/matheus/Documents/laravel6NaPratica/marketplace_l6/vendor/laravel/framework/src/Illuminate/Foundation/Http/Middleware/TransformsRequest.php(21): Illuminate\\Pipeline\\Pipeline->Illuminate\\Pipeline\\{closure}()
#33 /home/matheus/Documents/laravel6NaPratica/marketplace_l6/vendor/laravel/framework/src/Illuminate/Pipeline/Pipeline.php(171): Illuminate\\Foundation\\Http\\Middleware\\TransformsRequest->handle()
#34 /home/matheus/Documents/laravel6NaPratica/marketplace_l6/vendor/laravel/framework/src/Illuminate/Foundation/Http/Middleware/TransformsRequest.php(21): Illuminate\\Pipeline\\Pipeline->Illuminate\\Pipeline\\{closure}()
#35 /home/matheus/Documents/laravel6NaPratica/marketplace_l6/vendor/laravel/framework/src/Illuminate/Pipeline/Pipeline.php(171): Illuminate\\Foundation\\Http\\Middleware\\TransformsRequest->handle()
#36 /home/matheus/Documents/laravel6NaPratica/marketplace_l6/vendor/laravel/framework/src/Illuminate/Foundation/Http/Middleware/ValidatePostSize.php(27): Illuminate\\Pipeline\\Pipeline->Illuminate\\Pipeline\\{closure}()
#37 /home/matheus/Documents/laravel6NaPratica/marketplace_l6/vendor/laravel/framework/src/Illuminate/Pipeline/Pipeline.php(171): Illuminate\\Foundation\\Http\\Middleware\\ValidatePostSize->handle()
#38 /home/matheus/Documents/laravel6NaPratica/marketplace_l6/vendor/laravel/framework/src/Illuminate/Foundation/Http/Middleware/CheckForMaintenanceMode.php(63): Illuminate\\Pipeline\\Pipeline->Illuminate\\Pipeline\\{closure}()
#39 /home/matheus/Documents/laravel6NaPratica/marketplace_l6/vendor/laravel/framework/src/Illuminate/Pipeline/Pipeline.php(171): Illuminate\\Foundation\\Http\\Middleware\\CheckForMaintenanceMode->handle()
#40 /home/matheus/Documents/laravel6NaPratica/marketplace_l6/vendor/fideloper/proxy/src/TrustProxies.php(57): Illuminate\\Pipeline\\Pipeline->Illuminate\\Pipeline\\{closure}()
#41 /home/matheus/Documents/laravel6NaPratica/marketplace_l6/vendor/laravel/framework/src/Illuminate/Pipeline/Pipeline.php(171): Fideloper\\Proxy\\TrustProxies->handle()
#42 /home/matheus/Documents/laravel6NaPratica/marketplace_l6/vendor/laravel/framework/src/Illuminate/Pipeline/Pipeline.php(105): Illuminate\\Pipeline\\Pipeline->Illuminate\\Pipeline\\{closure}()
#43 /home/matheus/Documents/laravel6NaPratica/marketplace_l6/vendor/laravel/framework/src/Illuminate/Foundation/Http/Kernel.php(145): Illuminate\\Pipeline\\Pipeline->then()
#44 /home/matheus/Documents/laravel6NaPratica/marketplace_l6/vendor/laravel/framework/src/Illuminate/Foundation/Http/Kernel.php(110): Illuminate\\Foundation\\Http\\Kernel->sendRequestThroughRouter()
#45 /home/matheus/Documents/laravel6NaPratica/marketplace_l6/public/index.php(55): Illuminate\\Foundation\\Http\\Kernel->handle()
#46 /home/matheus/Documents/laravel6NaPratica/marketplace_l6/server.php(21): require_once('/home/matheus/D...')
#47 {main}
"} 
[2021-02-22 14:23:19] local.ERROR: Undefined variable: helloWorld (View: /home/matheus/Documents/laravel6NaPratica/marketplace_l6/resources/views/welcome.blade.php) {"exception":"[object] (Facade\\Ignition\\Exceptions\\ViewException(code: 0): Undefined variable: helloWorld (View: /home/matheus/Documents/laravel6NaPratica/marketplace_l6/resources/views/welcome.blade.php) at /home/matheus/Documents/laravel6NaPratica/marketplace_l6/resources/views/welcome.blade.php:87)
[stacktrace]
#0 /home/matheus/Documents/laravel6NaPratica/marketplace_l6/resources/views/welcome.blade.php(87): Illuminate\\Foundation\\Bootstrap\\HandleExceptions->handleError()
#1 /home/matheus/Documents/laravel6NaPratica/marketplace_l6/vendor/laravel/framework/src/Illuminate/View/Engines/PhpEngine.php(43): include('/home/matheus/D...')
#2 /home/matheus/Documents/laravel6NaPratica/marketplace_l6/vendor/laravel/framework/src/Illuminate/View/Engines/CompilerEngine.php(59): Illuminate\\View\\Engines\\PhpEngine->evaluatePath()
#3 /home/matheus/Documents/laravel6NaPratica/marketplace_l6/vendor/facade/ignition/src/Views/Engines/CompilerEngine.php(36): Illuminate\\View\\Engines\\CompilerEngine->get()
#4 /home/matheus/Documents/laravel6NaPratica/marketplace_l6/vendor/laravel/framework/src/Illuminate/View/View.php(143): Facade\\Ignition\\Views\\Engines\\CompilerEngine->get()
#5 /home/matheus/Documents/laravel6NaPratica/marketplace_l6/vendor/laravel/framework/src/Illuminate/View/View.php(126): Illuminate\\View\\View->getContents()
#6 /home/matheus/Documents/laravel6NaPratica/marketplace_l6/vendor/laravel/framework/src/Illuminate/View/View.php(91): Illuminate\\View\\View->renderContents()
#7 /home/matheus/Documents/laravel6NaPratica/marketplace_l6/vendor/laravel/framework/src/Illuminate/Http/Response.php(42): Illuminate\\View\\View->render()
#8 /home/matheus/Documents/laravel6NaPratica/marketplace_l6/vendor/symfony/http-foundation/Response.php(205): Illuminate\\Http\\Response->setContent()
#9 /home/matheus/Documents/laravel6NaPratica/marketplace_l6/vendor/laravel/framework/src/Illuminate/Routing/Router.php(749): Symfony\\Component\\HttpFoundation\\Response->__construct()
#10 /home/matheus/Documents/laravel6NaPratica/marketplace_l6/vendor/laravel/framework/src/Illuminate/Routing/Router.php(721): Illuminate\\Routing\\Router::toResponse()
#11 /home/matheus/Documents/laravel6NaPratica/marketplace_l6/vendor/laravel/framework/src/Illuminate/Routing/Router.php(681): Illuminate\\Routing\\Router->prepareResponse()
#12 /home/matheus/Documents/laravel6NaPratica/marketplace_l6/vendor/laravel/framework/src/Illuminate/Pipeline/Pipeline.php(130): Illuminate\\Routing\\Router->Illuminate\\Routing\\{closure}()
#13 /home/matheus/Documents/laravel6NaPratica/marketplace_l6/vendor/laravel/framework/src/Illuminate/Routing/Middleware/SubstituteBindings.php(41): Illuminate\\Pipeline\\Pipeline->Illuminate\\Pipeline\\{closure}()
#14 /home/matheus/Documents/laravel6NaPratica/marketplace_l6/vendor/laravel/framework/src/Illuminate/Pipeline/Pipeline.php(171): Illuminate\\Routing\\Middleware\\SubstituteBindings->handle()
#15 /home/matheus/Documents/laravel6NaPratica/marketplace_l6/vendor/laravel/framework/src/Illuminate/Foundation/Http/Middleware/VerifyCsrfToken.php(78): Illuminate\\Pipeline\\Pipeline->Illuminate\\Pipeline\\{closure}()
#16 /home/matheus/Documents/laravel6NaPratica/marketplace_l6/vendor/laravel/framework/src/Illuminate/Pipeline/Pipeline.php(171): Illuminate\\Foundation\\Http\\Middleware\\VerifyCsrfToken->handle()
#17 /home/matheus/Documents/laravel6NaPratica/marketplace_l6/vendor/laravel/framework/src/Illuminate/View/Middleware/ShareErrorsFromSession.php(49): Illuminate\\Pipeline\\Pipeline->Illuminate\\Pipeline\\{closure}()
#18 /home/matheus/Documents/laravel6NaPratica/marketplace_l6/vendor/laravel/framework/src/Illuminate/Pipeline/Pipeline.php(171): Illuminate\\View\\Middleware\\ShareErrorsFromSession->handle()
#19 /home/matheus/Documents/laravel6NaPratica/marketplace_l6/vendor/laravel/framework/src/Illuminate/Session/Middleware/StartSession.php(56): Illuminate\\Pipeline\\Pipeline->Illuminate\\Pipeline\\{closure}()
#20 /home/matheus/Documents/laravel6NaPratica/marketplace_l6/vendor/laravel/framework/src/Illuminate/Pipeline/Pipeline.php(171): Illuminate\\Session\\Middleware\\StartSession->handle()
#21 /home/matheus/Documents/laravel6NaPratica/marketplace_l6/vendor/laravel/framework/src/Illuminate/Cookie/Middleware/AddQueuedCookiesToResponse.php(37): Illuminate\\Pipeline\\Pipeline->Illuminate\\Pipeline\\{closure}()
#22 /home/matheus/Documents/laravel6NaPratica/marketplace_l6/vendor/laravel/framework/src/Illuminate/Pipeline/Pipeline.php(171): Illuminate\\Cookie\\Middleware\\AddQueuedCookiesToResponse->handle()
#23 /home/matheus/Documents/laravel6NaPratica/marketplace_l6/vendor/laravel/framework/src/Illuminate/Cookie/Middleware/EncryptCookies.php(67): Illuminate\\Pipeline\\Pipeline->Illuminate\\Pipeline\\{closure}()
#24 /home/matheus/Documents/laravel6NaPratica/marketplace_l6/vendor/laravel/framework/src/Illuminate/Pipeline/Pipeline.php(171): Illuminate\\Cookie\\Middleware\\EncryptCookies->handle()
#25 /home/matheus/Documents/laravel6NaPratica/marketplace_l6/vendor/laravel/framework/src/Illuminate/Pipeline/Pipeline.php(105): Illuminate\\Pipeline\\Pipeline->Illuminate\\Pipeline\\{closure}()
#26 /home/matheus/Documents/laravel6NaPratica/marketplace_l6/vendor/laravel/framework/src/Illuminate/Routing/Router.php(683): Illuminate\\Pipeline\\Pipeline->then()
#27 /home/matheus/Documents/laravel6NaPratica/marketplace_l6/vendor/laravel/framework/src/Illuminate/Routing/Router.php(658): Illuminate\\Routing\\Router->runRouteWithinStack()
#28 /home/matheus/Documents/laravel6NaPratica/marketplace_l6/vendor/laravel/framework/src/Illuminate/Routing/Router.php(624): Illuminate\\Routing\\Router->runRoute()
#29 /home/matheus/Documents/laravel6NaPratica/marketplace_l6/vendor/laravel/framework/src/Illuminate/Routing/Router.php(613): Illuminate\\Routing\\Router->dispatchToRoute()
#30 /home/matheus/Documents/laravel6NaPratica/marketplace_l6/vendor/laravel/framework/src/Illuminate/Foundation/Http/Kernel.php(170): Illuminate\\Routing\\Router->dispatch()
#31 /home/matheus/Documents/laravel6NaPratica/marketplace_l6/vendor/laravel/framework/src/Illuminate/Pipeline/Pipeline.php(130): Illuminate\\Foundation\\Http\\Kernel->Illuminate\\Foundation\\Http\\{closure}()
#32 /home/matheus/Documents/laravel6NaPratica/marketplace_l6/vendor/laravel/framework/src/Illuminate/Foundation/Http/Middleware/TransformsRequest.php(21): Illuminate\\Pipeline\\Pipeline->Illuminate\\Pipeline\\{closure}()
#33 /home/matheus/Documents/laravel6NaPratica/marketplace_l6/vendor/laravel/framework/src/Illuminate/Pipeline/Pipeline.php(171): Illuminate\\Foundation\\Http\\Middleware\\TransformsRequest->handle()
#34 /home/matheus/Documents/laravel6NaPratica/marketplace_l6/vendor/laravel/framework/src/Illuminate/Foundation/Http/Middleware/TransformsRequest.php(21): Illuminate\\Pipeline\\Pipeline->Illuminate\\Pipeline\\{closure}()
#35 /home/matheus/Documents/laravel6NaPratica/marketplace_l6/vendor/laravel/framework/src/Illuminate/Pipeline/Pipeline.php(171): Illuminate\\Foundation\\Http\\Middleware\\TransformsRequest->handle()
#36 /home/matheus/Documents/laravel6NaPratica/marketplace_l6/vendor/laravel/framework/src/Illuminate/Foundation/Http/Middleware/ValidatePostSize.php(27): Illuminate\\Pipeline\\Pipeline->Illuminate\\Pipeline\\{closure}()
#37 /home/matheus/Documents/laravel6NaPratica/marketplace_l6/vendor/laravel/framework/src/Illuminate/Pipeline/Pipeline.php(171): Illuminate\\Foundation\\Http\\Middleware\\ValidatePostSize->handle()
#38 /home/matheus/Documents/laravel6NaPratica/marketplace_l6/vendor/laravel/framework/src/Illuminate/Foundation/Http/Middleware/CheckForMaintenanceMode.php(63): Illuminate\\Pipeline\\Pipeline->Illuminate\\Pipeline\\{closure}()
#39 /home/matheus/Documents/laravel6NaPratica/marketplace_l6/vendor/laravel/framework/src/Illuminate/Pipeline/Pipeline.php(171): Illuminate\\Foundation\\Http\\Middleware\\CheckForMaintenanceMode->handle()
#40 /home/matheus/Documents/laravel6NaPratica/marketplace_l6/vendor/fideloper/proxy/src/TrustProxies.php(57): Illuminate\\Pipeline\\Pipeline->Illuminate\\Pipeline\\{closure}()
#41 /home/matheus/Documents/laravel6NaPratica/marketplace_l6/vendor/laravel/framework/src/Illuminate/Pipeline/Pipeline.php(171): Fideloper\\Proxy\\TrustProxies->handle()
#42 /home/matheus/Documents/laravel6NaPratica/marketplace_l6/vendor/laravel/framework/src/Illuminate/Pipeline/Pipeline.php(105): Illuminate\\Pipeline\\Pipeline->Illuminate\\Pipeline\\{closure}()
#43 /home/matheus/Documents/laravel6NaPratica/marketplace_l6/vendor/laravel/framework/src/Illuminate/Foundation/Http/Kernel.php(145): Illuminate\\Pipeline\\Pipeline->then()
#44 /home/matheus/Documents/laravel6NaPratica/marketplace_l6/vendor/laravel/framework/src/Illuminate/Foundation/Http/Kernel.php(110): Illuminate\\Foundation\\Http\\Kernel->sendRequestThroughRouter()
#45 /home/matheus/Documents/laravel6NaPratica/marketplace_l6/public/index.php(55): Illuminate\\Foundation\\Http\\Kernel->handle()
#46 /home/matheus/Documents/laravel6NaPratica/marketplace_l6/server.php(21): require_once('/home/matheus/D...')
#47 {main}

[previous exception] [object] (ErrorException(code: 0): Undefined variable: helloWorld at /home/matheus/Documents/laravel6NaPratica/marketplace_l6/storage/framework/views/3cbdd7e9432c03d9238e20e7bdbb1d8d9b331158.php:87)
[stacktrace]
#0 /home/matheus/Documents/laravel6NaPratica/marketplace_l6/storage/framework/views/3cbdd7e9432c03d9238e20e7bdbb1d8d9b331158.php(87): Illuminate\\Foundation\\Bootstrap\\HandleExceptions->handleError()
#1 /home/matheus/Documents/laravel6NaPratica/marketplace_l6/vendor/laravel/framework/src/Illuminate/View/Engines/PhpEngine.php(43): include('/home/matheus/D...')
#2 /home/matheus/Documents/laravel6NaPratica/marketplace_l6/vendor/laravel/framework/src/Illuminate/View/Engines/CompilerEngine.php(59): Illuminate\\View\\Engines\\PhpEngine->evaluatePath()
#3 /home/matheus/Documents/laravel6NaPratica/marketplace_l6/vendor/facade/ignition/src/Views/Engines/CompilerEngine.php(36): Illuminate\\View\\Engines\\CompilerEngine->get()
#4 /home/matheus/Documents/laravel6NaPratica/marketplace_l6/vendor/laravel/framework/src/Illuminate/View/View.php(143): Facade\\Ignition\\Views\\Engines\\CompilerEngine->get()
#5 /home/matheus/Documents/laravel6NaPratica/marketplace_l6/vendor/laravel/framework/src/Illuminate/View/View.php(126): Illuminate\\View\\View->getContents()
#6 /home/matheus/Documents/laravel6NaPratica/marketplace_l6/vendor/laravel/framework/src/Illuminate/View/View.php(91): Illuminate\\View\\View->renderContents()
#7 /home/matheus/Documents/laravel6NaPratica/marketplace_l6/vendor/laravel/framework/src/Illuminate/Http/Response.php(42): Illuminate\\View\\View->render()
#8 /home/matheus/Documents/laravel6NaPratica/marketplace_l6/vendor/symfony/http-foundation/Response.php(205): Illuminate\\Http\\Response->setContent()
#9 /home/matheus/Documents/laravel6NaPratica/marketplace_l6/vendor/laravel/framework/src/Illuminate/Routing/Router.php(749): Symfony\\Component\\HttpFoundation\\Response->__construct()
#10 /home/matheus/Documents/laravel6NaPratica/marketplace_l6/vendor/laravel/framework/src/Illuminate/Routing/Router.php(721): Illuminate\\Routing\\Router::toResponse()
#11 /home/matheus/Documents/laravel6NaPratica/marketplace_l6/vendor/laravel/framework/src/Illuminate/Routing/Router.php(681): Illuminate\\Routing\\Router->prepareResponse()
#12 /home/matheus/Documents/laravel6NaPratica/marketplace_l6/vendor/laravel/framework/src/Illuminate/Pipeline/Pipeline.php(130): Illuminate\\Routing\\Router->Illuminate\\Routing\\{closure}()
#13 /home/matheus/Documents/laravel6NaPratica/marketplace_l6/vendor/laravel/framework/src/Illuminate/Routing/Middleware/SubstituteBindings.php(41): Illuminate\\Pipeline\\Pipeline->Illuminate\\Pipeline\\{closure}()
#14 /home/matheus/Documents/laravel6NaPratica/marketplace_l6/vendor/laravel/framework/src/Illuminate/Pipeline/Pipeline.php(171): Illuminate\\Routing\\Middleware\\SubstituteBindings->handle()
#15 /home/matheus/Documents/laravel6NaPratica/marketplace_l6/vendor/laravel/framework/src/Illuminate/Foundation/Http/Middleware/VerifyCsrfToken.php(78): Illuminate\\Pipeline\\Pipeline->Illuminate\\Pipeline\\{closure}()
#16 /home/matheus/Documents/laravel6NaPratica/marketplace_l6/vendor/laravel/framework/src/Illuminate/Pipeline/Pipeline.php(171): Illuminate\\Foundation\\Http\\Middleware\\VerifyCsrfToken->handle()
#17 /home/matheus/Documents/laravel6NaPratica/marketplace_l6/vendor/laravel/framework/src/Illuminate/View/Middleware/ShareErrorsFromSession.php(49): Illuminate\\Pipeline\\Pipeline->Illuminate\\Pipeline\\{closure}()
#18 /home/matheus/Documents/laravel6NaPratica/marketplace_l6/vendor/laravel/framework/src/Illuminate/Pipeline/Pipeline.php(171): Illuminate\\View\\Middleware\\ShareErrorsFromSession->handle()
#19 /home/matheus/Documents/laravel6NaPratica/marketplace_l6/vendor/laravel/framework/src/Illuminate/Session/Middleware/StartSession.php(56): Illuminate\\Pipeline\\Pipeline->Illuminate\\Pipeline\\{closure}()
#20 /home/matheus/Documents/laravel6NaPratica/marketplace_l6/vendor/laravel/framework/src/Illuminate/Pipeline/Pipeline.php(171): Illuminate\\Session\\Middleware\\StartSession->handle()
#21 /home/matheus/Documents/laravel6NaPratica/marketplace_l6/vendor/laravel/framework/src/Illuminate/Cookie/Middleware/AddQueuedCookiesToResponse.php(37): Illuminate\\Pipeline\\Pipeline->Illuminate\\Pipeline\\{closure}()
#22 /home/matheus/Documents/laravel6NaPratica/marketplace_l6/vendor/laravel/framework/src/Illuminate/Pipeline/Pipeline.php(171): Illuminate\\Cookie\\Middleware\\AddQueuedCookiesToResponse->handle()
#23 /home/matheus/Documents/laravel6NaPratica/marketplace_l6/vendor/laravel/framework/src/Illuminate/Cookie/Middleware/EncryptCookies.php(67): Illuminate\\Pipeline\\Pipeline->Illuminate\\Pipeline\\{closure}()
#24 /home/matheus/Documents/laravel6NaPratica/marketplace_l6/vendor/laravel/framework/src/Illuminate/Pipeline/Pipeline.php(171): Illuminate\\Cookie\\Middleware\\EncryptCookies->handle()
#25 /home/matheus/Documents/laravel6NaPratica/marketplace_l6/vendor/laravel/framework/src/Illuminate/Pipeline/Pipeline.php(105): Illuminate\\Pipeline\\Pipeline->Illuminate\\Pipeline\\{closure}()
#26 /home/matheus/Documents/laravel6NaPratica/marketplace_l6/vendor/laravel/framework/src/Illuminate/Routing/Router.php(683): Illuminate\\Pipeline\\Pipeline->then()
#27 /home/matheus/Documents/laravel6NaPratica/marketplace_l6/vendor/laravel/framework/src/Illuminate/Routing/Router.php(658): Illuminate\\Routing\\Router->runRouteWithinStack()
#28 /home/matheus/Documents/laravel6NaPratica/marketplace_l6/vendor/laravel/framework/src/Illuminate/Routing/Router.php(624): Illuminate\\Routing\\Router->runRoute()
#29 /home/matheus/Documents/laravel6NaPratica/marketplace_l6/vendor/laravel/framework/src/Illuminate/Routing/Router.php(613): Illuminate\\Routing\\Router->dispatchToRoute()
#30 /home/matheus/Documents/laravel6NaPratica/marketplace_l6/vendor/laravel/framework/src/Illuminate/Foundation/Http/Kernel.php(170): Illuminate\\Routing\\Router->dispatch()
#31 /home/matheus/Documents/laravel6NaPratica/marketplace_l6/vendor/laravel/framework/src/Illuminate/Pipeline/Pipeline.php(130): Illuminate\\Foundation\\Http\\Kernel->Illuminate\\Foundation\\Http\\{closure}()
#32 /home/matheus/Documents/laravel6NaPratica/marketplace_l6/vendor/laravel/framework/src/Illuminate/Foundation/Http/Middleware/TransformsRequest.php(21): Illuminate\\Pipeline\\Pipeline->Illuminate\\Pipeline\\{closure}()
#33 /home/matheus/Documents/laravel6NaPratica/marketplace_l6/vendor/laravel/framework/src/Illuminate/Pipeline/Pipeline.php(171): Illuminate\\Foundation\\Http\\Middleware\\TransformsRequest->handle()
#34 /home/matheus/Documents/laravel6NaPratica/marketplace_l6/vendor/laravel/framework/src/Illuminate/Foundation/Http/Middleware/TransformsRequest.php(21): Illuminate\\Pipeline\\Pipeline->Illuminate\\Pipeline\\{closure}()
#35 /home/matheus/Documents/laravel6NaPratica/marketplace_l6/vendor/laravel/framework/src/Illuminate/Pipeline/Pipeline.php(171): Illuminate\\Foundation\\Http\\Middleware\\TransformsRequest->handle()
#36 /home/matheus/Documents/laravel6NaPratica/marketplace_l6/vendor/laravel/framework/src/Illuminate/Foundation/Http/Middleware/ValidatePostSize.php(27): Illuminate\\Pipeline\\Pipeline->Illuminate\\Pipeline\\{closure}()
#37 /home/matheus/Documents/laravel6NaPratica/marketplace_l6/vendor/laravel/framework/src/Illuminate/Pipeline/Pipeline.php(171): Illuminate\\Foundation\\Http\\Middleware\\ValidatePostSize->handle()
#38 /home/matheus/Documents/laravel6NaPratica/marketplace_l6/vendor/laravel/framework/src/Illuminate/Foundation/Http/Middleware/CheckForMaintenanceMode.php(63): Illuminate\\Pipeline\\Pipeline->Illuminate\\Pipeline\\{closure}()
#39 /home/matheus/Documents/laravel6NaPratica/marketplace_l6/vendor/laravel/framework/src/Illuminate/Pipeline/Pipeline.php(171): Illuminate\\Foundation\\Http\\Middleware\\CheckForMaintenanceMode->handle()
#40 /home/matheus/Documents/laravel6NaPratica/marketplace_l6/vendor/fideloper/proxy/src/TrustProxies.php(57): Illuminate\\Pipeline\\Pipeline->Illuminate\\Pipeline\\{closure}()
#41 /home/matheus/Documents/laravel6NaPratica/marketplace_l6/vendor/laravel/framework/src/Illuminate/Pipeline/Pipeline.php(171): Fideloper\\Proxy\\TrustProxies->handle()
#42 /home/matheus/Documents/laravel6NaPratica/marketplace_l6/vendor/laravel/framework/src/Illuminate/Pipeline/Pipeline.php(105): Illuminate\\Pipeline\\Pipeline->Illuminate\\Pipeline\\{closure}()
#43 /home/matheus/Documents/laravel6NaPratica/marketplace_l6/vendor/laravel/framework/src/Illuminate/Foundation/Http/Kernel.php(145): Illuminate\\Pipeline\\Pipeline->then()
#44 /home/matheus/Documents/laravel6NaPratica/marketplace_l6/vendor/laravel/framework/src/Illuminate/Foundation/Http/Kernel.php(110): Illuminate\\Foundation\\Http\\Kernel->sendRequestThroughRouter()
#45 /home/matheus/Documents/laravel6NaPratica/marketplace_l6/public/index.php(55): Illuminate\\Foundation\\Http\\Kernel->handle()
#46 /home/matheus/Documents/laravel6NaPratica/marketplace_l6/server.php(21): require_once('/home/matheus/D...')
#47 {main}
"} 
[2021-02-22 16:06:51] local.ERROR: SQLSTATE[23000]: Integrity constraint violation: 1062 Duplicate entry 'admin@admin' for key 'users_email_unique' (SQL: insert into `users` (`name`, `email`, `email_verified_at`, `password`, `remember_token`) values (Administrator, admin@admin, 2021-02-22 16:06:51, $2y$10$92IXUNpkjO0rOQ5byMi.Ye4oKoEa3Ro9llC/.og/at2.uheWG/igi, okokdsdsdsd)) {"exception":"[object] (Illuminate\\Database\\QueryException(code: 23000): SQLSTATE[23000]: Integrity constraint violation: 1062 Duplicate entry 'admin@admin' for key 'users_email_unique' (SQL: insert into `users` (`name`, `email`, `email_verified_at`, `password`, `remember_token`) values (Administrator, admin@admin, 2021-02-22 16:06:51, $2y$10$92IXUNpkjO0rOQ5byMi.Ye4oKoEa3Ro9llC/.og/at2.uheWG/igi, okokdsdsdsd)) at /home/matheus/Documents/laravel6NaPratica/marketplace_l6/vendor/laravel/framework/src/Illuminate/Database/Connection.php:669)
[stacktrace]
#0 /home/matheus/Documents/laravel6NaPratica/marketplace_l6/vendor/laravel/framework/src/Illuminate/Database/Connection.php(629): Illuminate\\Database\\Connection->runQueryCallback()
#1 /home/matheus/Documents/laravel6NaPratica/marketplace_l6/vendor/laravel/framework/src/Illuminate/Database/Connection.php(464): Illuminate\\Database\\Connection->run()
#2 /home/matheus/Documents/laravel6NaPratica/marketplace_l6/vendor/laravel/framework/src/Illuminate/Database/Connection.php(416): Illuminate\\Database\\Connection->statement()
#3 /home/matheus/Documents/laravel6NaPratica/marketplace_l6/vendor/laravel/framework/src/Illuminate/Database/Query/Builder.php(2661): Illuminate\\Database\\Connection->insert()
#4 /home/matheus/Documents/laravel6NaPratica/marketplace_l6/database/seeds/UsersTableSeeder.php(19): Illuminate\\Database\\Query\\Builder->insert()
#5 /home/matheus/Documents/laravel6NaPratica/marketplace_l6/vendor/laravel/framework/src/Illuminate/Container/BoundMethod.php(36): UsersTableSeeder->run()
#6 /home/matheus/Documents/laravel6NaPratica/marketplace_l6/vendor/laravel/framework/src/Illuminate/Container/Util.php(37): Illuminate\\Container\\BoundMethod::Illuminate\\Container\\{closure}()
#7 /home/matheus/Documents/laravel6NaPratica/marketplace_l6/vendor/laravel/framework/src/Illuminate/Container/BoundMethod.php(93): Illuminate\\Container\\Util::unwrapIfClosure()
#8 /home/matheus/Documents/laravel6NaPratica/marketplace_l6/vendor/laravel/framework/src/Illuminate/Container/BoundMethod.php(37): Illuminate\\Container\\BoundMethod::callBoundMethod()
#9 /home/matheus/Documents/laravel6NaPratica/marketplace_l6/vendor/laravel/framework/src/Illuminate/Container/Container.php(590): Illuminate\\Container\\BoundMethod::call()
#10 /home/matheus/Documents/laravel6NaPratica/marketplace_l6/vendor/laravel/framework/src/Illuminate/Database/Seeder.php(134): Illuminate\\Container\\Container->call()
#11 /home/matheus/Documents/laravel6NaPratica/marketplace_l6/vendor/laravel/framework/src/Illuminate/Database/Seeder.php(48): Illuminate\\Database\\Seeder->__invoke()
#12 /home/matheus/Documents/laravel6NaPratica/marketplace_l6/database/seeds/DatabaseSeeder.php(14): Illuminate\\Database\\Seeder->call()
#13 /home/matheus/Documents/laravel6NaPratica/marketplace_l6/vendor/laravel/framework/src/Illuminate/Container/BoundMethod.php(36): DatabaseSeeder->run()
#14 /home/matheus/Documents/laravel6NaPratica/marketplace_l6/vendor/laravel/framework/src/Illuminate/Container/Util.php(37): Illuminate\\Container\\BoundMethod::Illuminate\\Container\\{closure}()
#15 /home/matheus/Documents/laravel6NaPratica/marketplace_l6/vendor/laravel/framework/src/Illuminate/Container/BoundMethod.php(93): Illuminate\\Container\\Util::unwrapIfClosure()
#16 /home/matheus/Documents/laravel6NaPratica/marketplace_l6/vendor/laravel/framework/src/Illuminate/Container/BoundMethod.php(37): Illuminate\\Container\\BoundMethod::callBoundMethod()
#17 /home/matheus/Documents/laravel6NaPratica/marketplace_l6/vendor/laravel/framework/src/Illuminate/Container/Container.php(590): Illuminate\\Container\\BoundMethod::call()
#18 /home/matheus/Documents/laravel6NaPratica/marketplace_l6/vendor/laravel/framework/src/Illuminate/Database/Seeder.php(134): Illuminate\\Container\\Container->call()
#19 /home/matheus/Documents/laravel6NaPratica/marketplace_l6/vendor/laravel/framework/src/Illuminate/Database/Console/Seeds/SeedCommand.php(63): Illuminate\\Database\\Seeder->__invoke()
#20 /home/matheus/Documents/laravel6NaPratica/marketplace_l6/vendor/laravel/framework/src/Illuminate/Database/Eloquent/Concerns/GuardsAttributes.php(129): Illuminate\\Database\\Console\\Seeds\\SeedCommand->Illuminate\\Database\\Console\\Seeds\\{closure}()
#21 /home/matheus/Documents/laravel6NaPratica/marketplace_l6/vendor/laravel/framework/src/Illuminate/Database/Console/Seeds/SeedCommand.php(64): Illuminate\\Database\\Eloquent\\Model::unguarded()
#22 /home/matheus/Documents/laravel6NaPratica/marketplace_l6/vendor/laravel/framework/src/Illuminate/Container/BoundMethod.php(36): Illuminate\\Database\\Console\\Seeds\\SeedCommand->handle()
#23 /home/matheus/Documents/laravel6NaPratica/marketplace_l6/vendor/laravel/framework/src/Illuminate/Container/Util.php(37): Illuminate\\Container\\BoundMethod::Illuminate\\Container\\{closure}()
#24 /home/matheus/Documents/laravel6NaPratica/marketplace_l6/vendor/laravel/framework/src/Illuminate/Container/BoundMethod.php(93): Illuminate\\Container\\Util::unwrapIfClosure()
#25 /home/matheus/Documents/laravel6NaPratica/marketplace_l6/vendor/laravel/framework/src/Illuminate/Container/BoundMethod.php(37): Illuminate\\Container\\BoundMethod::callBoundMethod()
#26 /home/matheus/Documents/laravel6NaPratica/marketplace_l6/vendor/laravel/framework/src/Illuminate/Container/Container.php(590): Illuminate\\Container\\BoundMethod::call()
#27 /home/matheus/Documents/laravel6NaPratica/marketplace_l6/vendor/laravel/framework/src/Illuminate/Console/Command.php(134): Illuminate\\Container\\Container->call()
#28 /home/matheus/Documents/laravel6NaPratica/marketplace_l6/vendor/symfony/console/Command/Command.php(255): Illuminate\\Console\\Command->execute()
#29 /home/matheus/Documents/laravel6NaPratica/marketplace_l6/vendor/laravel/framework/src/Illuminate/Console/Command.php(121): Symfony\\Component\\Console\\Command\\Command->run()
#30 /home/matheus/Documents/laravel6NaPratica/marketplace_l6/vendor/symfony/console/Application.php(1009): Illuminate\\Console\\Command->run()
#31 /home/matheus/Documents/laravel6NaPratica/marketplace_l6/vendor/symfony/console/Application.php(273): Symfony\\Component\\Console\\Application->doRunCommand()
#32 /home/matheus/Documents/laravel6NaPratica/marketplace_l6/vendor/symfony/console/Application.php(149): Symfony\\Component\\Console\\Application->doRun()
#33 /home/matheus/Documents/laravel6NaPratica/marketplace_l6/vendor/laravel/framework/src/Illuminate/Console/Application.php(93): Symfony\\Component\\Console\\Application->run()
#34 /home/matheus/Documents/laravel6NaPratica/marketplace_l6/vendor/laravel/framework/src/Illuminate/Foundation/Console/Kernel.php(131): Illuminate\\Console\\Application->run()
#35 /home/matheus/Documents/laravel6NaPratica/marketplace_l6/artisan(37): Illuminate\\Foundation\\Console\\Kernel->handle()
#36 {main}

[previous exception] [object] (PDOException(code: 23000): SQLSTATE[23000]: Integrity constraint violation: 1062 Duplicate entry 'admin@admin' for key 'users_email_unique' at /home/matheus/Documents/laravel6NaPratica/marketplace_l6/vendor/laravel/framework/src/Illuminate/Database/Connection.php:463)
[stacktrace]
#0 /home/matheus/Documents/laravel6NaPratica/marketplace_l6/vendor/laravel/framework/src/Illuminate/Database/Connection.php(463): PDOStatement->execute()
#1 /home/matheus/Documents/laravel6NaPratica/marketplace_l6/vendor/laravel/framework/src/Illuminate/Database/Connection.php(662): Illuminate\\Database\\Connection->Illuminate\\Database\\{closure}()
#2 /home/matheus/Documents/laravel6NaPratica/marketplace_l6/vendor/laravel/framework/src/Illuminate/Database/Connection.php(629): Illuminate\\Database\\Connection->runQueryCallback()
#3 /home/matheus/Documents/laravel6NaPratica/marketplace_l6/vendor/laravel/framework/src/Illuminate/Database/Connection.php(464): Illuminate\\Database\\Connection->run()
#4 /home/matheus/Documents/laravel6NaPratica/marketplace_l6/vendor/laravel/framework/src/Illuminate/Database/Connection.php(416): Illuminate\\Database\\Connection->statement()
#5 /home/matheus/Documents/laravel6NaPratica/marketplace_l6/vendor/laravel/framework/src/Illuminate/Database/Query/Builder.php(2661): Illuminate\\Database\\Connection->insert()
#6 /home/matheus/Documents/laravel6NaPratica/marketplace_l6/database/seeds/UsersTableSeeder.php(19): Illuminate\\Database\\Query\\Builder->insert()
#7 /home/matheus/Documents/laravel6NaPratica/marketplace_l6/vendor/laravel/framework/src/Illuminate/Container/BoundMethod.php(36): UsersTableSeeder->run()
#8 /home/matheus/Documents/laravel6NaPratica/marketplace_l6/vendor/laravel/framework/src/Illuminate/Container/Util.php(37): Illuminate\\Container\\BoundMethod::Illuminate\\Container\\{closure}()
#9 /home/matheus/Documents/laravel6NaPratica/marketplace_l6/vendor/laravel/framework/src/Illuminate/Container/BoundMethod.php(93): Illuminate\\Container\\Util::unwrapIfClosure()
#10 /home/matheus/Documents/laravel6NaPratica/marketplace_l6/vendor/laravel/framework/src/Illuminate/Container/BoundMethod.php(37): Illuminate\\Container\\BoundMethod::callBoundMethod()
#11 /home/matheus/Documents/laravel6NaPratica/marketplace_l6/vendor/laravel/framework/src/Illuminate/Container/Container.php(590): Illuminate\\Container\\BoundMethod::call()
#12 /home/matheus/Documents/laravel6NaPratica/marketplace_l6/vendor/laravel/framework/src/Illuminate/Database/Seeder.php(134): Illuminate\\Container\\Container->call()
#13 /home/matheus/Documents/laravel6NaPratica/marketplace_l6/vendor/laravel/framework/src/Illuminate/Database/Seeder.php(48): Illuminate\\Database\\Seeder->__invoke()
#14 /home/matheus/Documents/laravel6NaPratica/marketplace_l6/database/seeds/DatabaseSeeder.php(14): Illuminate\\Database\\Seeder->call()
#15 /home/matheus/Documents/laravel6NaPratica/marketplace_l6/vendor/laravel/framework/src/Illuminate/Container/BoundMethod.php(36): DatabaseSeeder->run()
#16 /home/matheus/Documents/laravel6NaPratica/marketplace_l6/vendor/laravel/framework/src/Illuminate/Container/Util.php(37): Illuminate\\Container\\BoundMethod::Illuminate\\Container\\{closure}()
#17 /home/matheus/Documents/laravel6NaPratica/marketplace_l6/vendor/laravel/framework/src/Illuminate/Container/BoundMethod.php(93): Illuminate\\Container\\Util::unwrapIfClosure()
#18 /home/matheus/Documents/laravel6NaPratica/marketplace_l6/vendor/laravel/framework/src/Illuminate/Container/BoundMethod.php(37): Illuminate\\Container\\BoundMethod::callBoundMethod()
#19 /home/matheus/Documents/laravel6NaPratica/marketplace_l6/vendor/laravel/framework/src/Illuminate/Container/Container.php(590): Illuminate\\Container\\BoundMethod::call()
#20 /home/matheus/Documents/laravel6NaPratica/marketplace_l6/vendor/laravel/framework/src/Illuminate/Database/Seeder.php(134): Illuminate\\Container\\Container->call()
#21 /home/matheus/Documents/laravel6NaPratica/marketplace_l6/vendor/laravel/framework/src/Illuminate/Database/Console/Seeds/SeedCommand.php(63): Illuminate\\Database\\Seeder->__invoke()
#22 /home/matheus/Documents/laravel6NaPratica/marketplace_l6/vendor/laravel/framework/src/Illuminate/Database/Eloquent/Concerns/GuardsAttributes.php(129): Illuminate\\Database\\Console\\Seeds\\SeedCommand->Illuminate\\Database\\Console\\Seeds\\{closure}()
#23 /home/matheus/Documents/laravel6NaPratica/marketplace_l6/vendor/laravel/framework/src/Illuminate/Database/Console/Seeds/SeedCommand.php(64): Illuminate\\Database\\Eloquent\\Model::unguarded()
#24 /home/matheus/Documents/laravel6NaPratica/marketplace_l6/vendor/laravel/framework/src/Illuminate/Container/BoundMethod.php(36): Illuminate\\Database\\Console\\Seeds\\SeedCommand->handle()
#25 /home/matheus/Documents/laravel6NaPratica/marketplace_l6/vendor/laravel/framework/src/Illuminate/Container/Util.php(37): Illuminate\\Container\\BoundMethod::Illuminate\\Container\\{closure}()
#26 /home/matheus/Documents/laravel6NaPratica/marketplace_l6/vendor/laravel/framework/src/Illuminate/Container/BoundMethod.php(93): Illuminate\\Container\\Util::unwrapIfClosure()
#27 /home/matheus/Documents/laravel6NaPratica/marketplace_l6/vendor/laravel/framework/src/Illuminate/Container/BoundMethod.php(37): Illuminate\\Container\\BoundMethod::callBoundMethod()
#28 /home/matheus/Documents/laravel6NaPratica/marketplace_l6/vendor/laravel/framework/src/Illuminate/Container/Container.php(590): Illuminate\\Container\\BoundMethod::call()
#29 /home/matheus/Documents/laravel6NaPratica/marketplace_l6/vendor/laravel/framework/src/Illuminate/Console/Command.php(134): Illuminate\\Container\\Container->call()
#30 /home/matheus/Documents/laravel6NaPratica/marketplace_l6/vendor/symfony/console/Command/Command.php(255): Illuminate\\Console\\Command->execute()
#31 /home/matheus/Documents/laravel6NaPratica/marketplace_l6/vendor/laravel/framework/src/Illuminate/Console/Command.php(121): Symfony\\Component\\Console\\Command\\Command->run()
#32 /home/matheus/Documents/laravel6NaPratica/marketplace_l6/vendor/symfony/console/Application.php(1009): Illuminate\\Console\\Command->run()
#33 /home/matheus/Documents/laravel6NaPratica/marketplace_l6/vendor/symfony/console/Application.php(273): Symfony\\Component\\Console\\Application->doRunCommand()
#34 /home/matheus/Documents/laravel6NaPratica/marketplace_l6/vendor/symfony/console/Application.php(149): Symfony\\Component\\Console\\Application->doRun()
#35 /home/matheus/Documents/laravel6NaPratica/marketplace_l6/vendor/laravel/framework/src/Illuminate/Console/Application.php(93): Symfony\\Component\\Console\\Application->run()
#36 /home/matheus/Documents/laravel6NaPratica/marketplace_l6/vendor/laravel/framework/src/Illuminate/Foundation/Console/Kernel.php(131): Illuminate\\Console\\Application->run()
#37 /home/matheus/Documents/laravel6NaPratica/marketplace_l6/artisan(37): Illuminate\\Foundation\\Console\\Kernel->handle()
#38 {main}
"} 
[2021-02-22 16:17:36] local.ERROR: Command "migrate:seed" is not defined.

Did you mean one of these?
    db:seed
    make:seeder
    migrate
    migrate:fresh
    migrate:install
    migrate:refresh
    migrate:reset
    migrate:rollback
    migrate:status {"exception":"[object] (Symfony\\Component\\Console\\Exception\\CommandNotFoundException(code: 0): Command \"migrate:seed\" is not defined.

Did you mean one of these?
    db:seed
    make:seeder
    migrate
    migrate:fresh
    migrate:install
    migrate:refresh
    migrate:reset
    migrate:rollback
    migrate:status at /home/matheus/Documents/laravel6NaPratica/marketplace_l6/vendor/symfony/console/Application.php:676)
[stacktrace]
#0 /home/matheus/Documents/laravel6NaPratica/marketplace_l6/vendor/symfony/console/Application.php(237): Symfony\\Component\\Console\\Application->find()
#1 /home/matheus/Documents/laravel6NaPratica/marketplace_l6/vendor/symfony/console/Application.php(149): Symfony\\Component\\Console\\Application->doRun()
#2 /home/matheus/Documents/laravel6NaPratica/marketplace_l6/vendor/laravel/framework/src/Illuminate/Console/Application.php(93): Symfony\\Component\\Console\\Application->run()
#3 /home/matheus/Documents/laravel6NaPratica/marketplace_l6/vendor/laravel/framework/src/Illuminate/Foundation/Console/Kernel.php(131): Illuminate\\Console\\Application->run()
#4 /home/matheus/Documents/laravel6NaPratica/marketplace_l6/artisan(37): Illuminate\\Foundation\\Console\\Kernel->handle()
#5 {main}
"} 
